{"/Users/idankest/Documents/IRONHACK/w7/lab-testing-movie-api/index.js": {"path":"/Users/idankest/Documents/IRONHACK/w7/lab-testing-movie-api/index.js","statementMap":{"0":{"start":{"line":1,"column":0},"end":{"line":1,"column":27}},"1":{"start":{"line":2,"column":16},"end":{"line":2,"column":34}},"2":{"start":{"line":3,"column":12},"end":{"line":3,"column":21}},"3":{"start":{"line":4,"column":13},"end":{"line":4,"column":37}},"4":{"start":{"line":9,"column":0},"end":{"line":9,"column":27}},"5":{"start":{"line":12,"column":0},"end":{"line":12,"column":24}},"6":{"start":{"line":15,"column":24},"end":{"line":15,"column":57}},"7":{"start":{"line":16,"column":19},"end":{"line":16,"column":47}},"8":{"start":{"line":17,"column":27},"end":{"line":17,"column":63}},"9":{"start":{"line":18,"column":24},"end":{"line":18,"column":57}},"10":{"start":{"line":22,"column":0},"end":{"line":22,"column":43}},"11":{"start":{"line":23,"column":0},"end":{"line":23,"column":33}},"12":{"start":{"line":24,"column":0},"end":{"line":24,"column":49}},"13":{"start":{"line":25,"column":0},"end":{"line":25,"column":42}},"14":{"start":{"line":28,"column":0},"end":{"line":32,"column":3}},"15":{"start":{"line":29,"column":2},"end":{"line":31,"column":5}},"16":{"start":{"line":35,"column":0},"end":{"line":54,"column":3}},"17":{"start":{"line":36,"column":21},"end":{"line":36,"column":42}},"18":{"start":{"line":39,"column":2},"end":{"line":43,"column":3}},"19":{"start":{"line":40,"column":4},"end":{"line":42,"column":7}},"20":{"start":{"line":46,"column":2},"end":{"line":46,"column":48}},"21":{"start":{"line":47,"column":2},"end":{"line":47,"column":27}},"22":{"start":{"line":49,"column":2},"end":{"line":53,"column":5}},"23":{"start":{"line":57,"column":0},"end":{"line":61,"column":1}},"24":{"start":{"line":58,"column":2},"end":{"line":60,"column":5}},"25":{"start":{"line":59,"column":4},"end":{"line":59,"column":66}},"26":{"start":{"line":64,"column":0},"end":{"line":64,"column":21}}},"fnMap":{"0":{"name":"(anonymous_0)","decl":{"start":{"line":28,"column":8},"end":{"line":28,"column":9}},"loc":{"start":{"line":28,"column":22},"end":{"line":32,"column":1}},"line":28},"1":{"name":"(anonymous_1)","decl":{"start":{"line":35,"column":8},"end":{"line":35,"column":9}},"loc":{"start":{"line":35,"column":33},"end":{"line":54,"column":1}},"line":35},"2":{"name":"(anonymous_2)","decl":{"start":{"line":58,"column":19},"end":{"line":58,"column":20}},"loc":{"start":{"line":58,"column":25},"end":{"line":60,"column":3}},"line":58}},"branchMap":{"0":{"loc":{"start":{"line":4,"column":13},"end":{"line":4,"column":37}},"type":"binary-expr","locations":[{"start":{"line":4,"column":13},"end":{"line":4,"column":29}},{"start":{"line":4,"column":33},"end":{"line":4,"column":37}}],"line":4},"1":{"loc":{"start":{"line":36,"column":21},"end":{"line":36,"column":42}},"type":"binary-expr","locations":[{"start":{"line":36,"column":21},"end":{"line":36,"column":35}},{"start":{"line":36,"column":39},"end":{"line":36,"column":42}}],"line":36},"2":{"loc":{"start":{"line":39,"column":2},"end":{"line":43,"column":3}},"type":"if","locations":[{"start":{"line":39,"column":2},"end":{"line":43,"column":3}},{"start":{},"end":{}}],"line":39},"3":{"loc":{"start":{"line":57,"column":0},"end":{"line":61,"column":1}},"type":"if","locations":[{"start":{"line":57,"column":0},"end":{"line":61,"column":1}},{"start":{},"end":{}}],"line":57}},"s":{"0":2,"1":2,"2":2,"3":2,"4":2,"5":2,"6":2,"7":2,"8":2,"9":2,"10":2,"11":2,"12":2,"13":2,"14":2,"15":0,"16":2,"17":8,"18":8,"19":8,"20":0,"21":0,"22":0,"23":2,"24":0,"25":0,"26":2},"f":{"0":0,"1":8,"2":0},"b":{"0":[2,2],"1":[8,0],"2":[8,0],"3":[0,2]},"_coverageSchema":"1a1c01bbd47fc00a2c39e90264f33305004495a9","hash":"432ff23e8be48ca24f0fe98a5f61bb1a30a99fa4"}
,"/Users/idankest/Documents/IRONHACK/w7/lab-testing-movie-api/src/__tests__/helpers.js": {"path":"/Users/idankest/Documents/IRONHACK/w7/lab-testing-movie-api/src/__tests__/helpers.js","statementMap":{"0":{"start":{"line":1,"column":15},"end":{"line":1,"column":32}},"1":{"start":{"line":2,"column":12},"end":{"line":2,"column":35}},"2":{"start":{"line":3,"column":13},"end":{"line":3,"column":36}},"3":{"start":{"line":5,"column":21},"end":{"line":20,"column":1}},"4":{"start":{"line":6,"column":24},"end":{"line":6,"column":55}},"5":{"start":{"line":7,"column":19},"end":{"line":12,"column":3}},"6":{"start":{"line":13,"column":18},"end":{"line":13,"column":25}},"7":{"start":{"line":14,"column":16},"end":{"line":18,"column":3}},"8":{"start":{"line":19,"column":2},"end":{"line":19,"column":27}},"9":{"start":{"line":22,"column":22},"end":{"line":28,"column":1}},"10":{"start":{"line":23,"column":19},"end":{"line":26,"column":3}},"11":{"start":{"line":27,"column":2},"end":{"line":27,"column":16}},"12":{"start":{"line":30,"column":0},"end":{"line":30,"column":48}}},"fnMap":{"0":{"name":"(anonymous_0)","decl":{"start":{"line":5,"column":21},"end":{"line":5,"column":22}},"loc":{"start":{"line":5,"column":126},"end":{"line":20,"column":1}},"line":5},"1":{"name":"(anonymous_1)","decl":{"start":{"line":22,"column":22},"end":{"line":22,"column":23}},"loc":{"start":{"line":22,"column":92},"end":{"line":28,"column":1}},"line":22}},"branchMap":{"0":{"loc":{"start":{"line":5,"column":28},"end":{"line":5,"column":121}},"type":"default-arg","locations":[{"start":{"line":5,"column":119},"end":{"line":5,"column":121}}],"line":5},"1":{"loc":{"start":{"line":5,"column":30},"end":{"line":5,"column":50}},"type":"default-arg","locations":[{"start":{"line":5,"column":39},"end":{"line":5,"column":50}}],"line":5},"2":{"loc":{"start":{"line":5,"column":52},"end":{"line":5,"column":75}},"type":"default-arg","locations":[{"start":{"line":5,"column":60},"end":{"line":5,"column":75}}],"line":5},"3":{"loc":{"start":{"line":5,"column":77},"end":{"line":5,"column":97}},"type":"default-arg","locations":[{"start":{"line":5,"column":88},"end":{"line":5,"column":97}}],"line":5},"4":{"loc":{"start":{"line":5,"column":99},"end":{"line":5,"column":114}},"type":"default-arg","locations":[{"start":{"line":5,"column":105},"end":{"line":5,"column":114}}],"line":5},"5":{"loc":{"start":{"line":16,"column":4},"end":{"line":16,"column":43}},"type":"binary-expr","locations":[{"start":{"line":16,"column":4},"end":{"line":16,"column":26}},{"start":{"line":16,"column":30},"end":{"line":16,"column":43}}],"line":16},"6":{"loc":{"start":{"line":22,"column":29},"end":{"line":22,"column":87}},"type":"default-arg","locations":[{"start":{"line":22,"column":85},"end":{"line":22,"column":87}}],"line":22},"7":{"loc":{"start":{"line":22,"column":31},"end":{"line":22,"column":55}},"type":"default-arg","locations":[{"start":{"line":22,"column":40},"end":{"line":22,"column":55}}],"line":22},"8":{"loc":{"start":{"line":22,"column":57},"end":{"line":22,"column":68}},"type":"default-arg","locations":[{"start":{"line":22,"column":64},"end":{"line":22,"column":68}}],"line":22},"9":{"loc":{"start":{"line":22,"column":70},"end":{"line":22,"column":80}},"type":"default-arg","locations":[{"start":{"line":22,"column":77},"end":{"line":22,"column":80}}],"line":22}},"s":{"0":1,"1":1,"2":1,"3":1,"4":8,"5":8,"6":8,"7":8,"8":8,"9":1,"10":8,"11":8,"12":1},"f":{"0":8,"1":8},"b":{"0":[6],"1":[8],"2":[6],"3":[8],"4":[8],"5":[8,0],"6":[6],"7":[6],"8":[8],"9":[8]},"_coverageSchema":"1a1c01bbd47fc00a2c39e90264f33305004495a9","hash":"bd84471596c74bf18816be254c6508f3a321e06a"}
,"/Users/idankest/Documents/IRONHACK/w7/lab-testing-movie-api/src/config/db.js": {"path":"/Users/idankest/Documents/IRONHACK/w7/lab-testing-movie-api/src/config/db.js","statementMap":{"0":{"start":{"line":1,"column":17},"end":{"line":1,"column":30}},"1":{"start":{"line":3,"column":13},"end":{"line":11,"column":2}},"2":{"start":{"line":13,"column":0},"end":{"line":13,"column":21}}},"fnMap":{},"branchMap":{"0":{"loc":{"start":{"line":4,"column":8},"end":{"line":4,"column":42}},"type":"binary-expr","locations":[{"start":{"line":4,"column":8},"end":{"line":4,"column":27}},{"start":{"line":4,"column":31},"end":{"line":4,"column":42}}],"line":4},"1":{"loc":{"start":{"line":5,"column":8},"end":{"line":5,"column":35}},"type":"binary-expr","locations":[{"start":{"line":5,"column":8},"end":{"line":5,"column":27}},{"start":{"line":5,"column":31},"end":{"line":5,"column":35}}],"line":5},"2":{"loc":{"start":{"line":6,"column":12},"end":{"line":8,"column":25}},"type":"cond-expr","locations":[{"start":{"line":7,"column":6},"end":{"line":7,"column":30}},{"start":{"line":8,"column":6},"end":{"line":8,"column":25}}],"line":6}},"s":{"0":2,"1":2,"2":2},"f":{},"b":{"0":[2,0],"1":[2,0],"2":[2,0]},"_coverageSchema":"1a1c01bbd47fc00a2c39e90264f33305004495a9","hash":"e6904f722acaef1218aca56a66ed314fae349417"}
,"/Users/idankest/Documents/IRONHACK/w7/lab-testing-movie-api/src/controllers/authController.js": {"path":"/Users/idankest/Documents/IRONHACK/w7/lab-testing-movie-api/src/controllers/authController.js","statementMap":{"0":{"start":{"line":1,"column":15},"end":{"line":1,"column":32}},"1":{"start":{"line":2,"column":12},"end":{"line":2,"column":35}},"2":{"start":{"line":3,"column":13},"end":{"line":3,"column":36}},"3":{"start":{"line":4,"column":17},"end":{"line":4,"column":45}},"4":{"start":{"line":6,"column":20},"end":{"line":6,"column":22}},"5":{"start":{"line":8,"column":21},"end":{"line":18,"column":1}},"6":{"start":{"line":9,"column":2},"end":{"line":17,"column":4}},"7":{"start":{"line":21,"column":17},"end":{"line":61,"column":1}},"8":{"start":{"line":22,"column":2},"end":{"line":60,"column":3}},"9":{"start":{"line":23,"column":45},"end":{"line":23,"column":53}},"10":{"start":{"line":25,"column":4},"end":{"line":27,"column":5}},"11":{"start":{"line":26,"column":6},"end":{"line":26,"column":75}},"12":{"start":{"line":29,"column":4},"end":{"line":31,"column":5}},"13":{"start":{"line":30,"column":6},"end":{"line":30,"column":80}},"14":{"start":{"line":34,"column":19},"end":{"line":37,"column":5}},"15":{"start":{"line":38,"column":4},"end":{"line":40,"column":5}},"16":{"start":{"line":39,"column":6},"end":{"line":39,"column":68}},"17":{"start":{"line":42,"column":26},"end":{"line":42,"column":66}},"18":{"start":{"line":45,"column":21},"end":{"line":45,"column":58}},"19":{"start":{"line":47,"column":21},"end":{"line":52,"column":5}},"20":{"start":{"line":54,"column":20},"end":{"line":54,"column":27}},"21":{"start":{"line":55,"column":18},"end":{"line":55,"column":39}},"22":{"start":{"line":57,"column":4},"end":{"line":57,"column":45}},"23":{"start":{"line":59,"column":4},"end":{"line":59,"column":14}},"24":{"start":{"line":64,"column":14},"end":{"line":105,"column":1}},"25":{"start":{"line":65,"column":2},"end":{"line":104,"column":3}},"26":{"start":{"line":66,"column":32},"end":{"line":66,"column":40}},"27":{"start":{"line":68,"column":4},"end":{"line":70,"column":5}},"28":{"start":{"line":69,"column":6},"end":{"line":69,"column":67}},"29":{"start":{"line":72,"column":21},"end":{"line":75,"column":5}},"30":{"start":{"line":77,"column":4},"end":{"line":79,"column":5}},"31":{"start":{"line":78,"column":6},"end":{"line":78,"column":58}},"32":{"start":{"line":81,"column":20},"end":{"line":81,"column":27}},"33":{"start":{"line":82,"column":27},"end":{"line":85,"column":5}},"34":{"start":{"line":87,"column":4},"end":{"line":89,"column":5}},"35":{"start":{"line":88,"column":6},"end":{"line":88,"column":58}},"36":{"start":{"line":91,"column":18},"end":{"line":91,"column":39}},"37":{"start":{"line":93,"column":4},"end":{"line":101,"column":7}},"38":{"start":{"line":103,"column":4},"end":{"line":103,"column":14}},"39":{"start":{"line":108,"column":15},"end":{"line":123,"column":1}},"40":{"start":{"line":109,"column":2},"end":{"line":122,"column":3}},"41":{"start":{"line":110,"column":21},"end":{"line":113,"column":5}},"42":{"start":{"line":115,"column":4},"end":{"line":117,"column":5}},"43":{"start":{"line":116,"column":6},"end":{"line":116,"column":55}},"44":{"start":{"line":119,"column":4},"end":{"line":119,"column":22}},"45":{"start":{"line":121,"column":4},"end":{"line":121,"column":14}},"46":{"start":{"line":125,"column":0},"end":{"line":125,"column":45}}},"fnMap":{"0":{"name":"(anonymous_0)","decl":{"start":{"line":8,"column":21},"end":{"line":8,"column":22}},"loc":{"start":{"line":8,"column":34},"end":{"line":18,"column":1}},"line":8},"1":{"name":"(anonymous_1)","decl":{"start":{"line":21,"column":17},"end":{"line":21,"column":18}},"loc":{"start":{"line":21,"column":43},"end":{"line":61,"column":1}},"line":21},"2":{"name":"(anonymous_2)","decl":{"start":{"line":64,"column":14},"end":{"line":64,"column":15}},"loc":{"start":{"line":64,"column":40},"end":{"line":105,"column":1}},"line":64},"3":{"name":"(anonymous_3)","decl":{"start":{"line":108,"column":15},"end":{"line":108,"column":16}},"loc":{"start":{"line":108,"column":41},"end":{"line":123,"column":1}},"line":108}},"branchMap":{"0":{"loc":{"start":{"line":16,"column":17},"end":{"line":16,"column":52}},"type":"binary-expr","locations":[{"start":{"line":16,"column":17},"end":{"line":16,"column":43}},{"start":{"line":16,"column":47},"end":{"line":16,"column":52}}],"line":16},"1":{"loc":{"start":{"line":25,"column":4},"end":{"line":27,"column":5}},"type":"if","locations":[{"start":{"line":25,"column":4},"end":{"line":27,"column":5}},{"start":{},"end":{}}],"line":25},"2":{"loc":{"start":{"line":25,"column":8},"end":{"line":25,"column":38}},"type":"binary-expr","locations":[{"start":{"line":25,"column":8},"end":{"line":25,"column":15}},{"start":{"line":25,"column":19},"end":{"line":25,"column":25}},{"start":{"line":25,"column":29},"end":{"line":25,"column":38}}],"line":25},"3":{"loc":{"start":{"line":29,"column":4},"end":{"line":31,"column":5}},"type":"if","locations":[{"start":{"line":29,"column":4},"end":{"line":31,"column":5}},{"start":{},"end":{}}],"line":29},"4":{"loc":{"start":{"line":38,"column":4},"end":{"line":40,"column":5}},"type":"if","locations":[{"start":{"line":38,"column":4},"end":{"line":40,"column":5}},{"start":{},"end":{}}],"line":38},"5":{"loc":{"start":{"line":45,"column":21},"end":{"line":45,"column":58}},"type":"cond-expr","locations":[{"start":{"line":45,"column":39},"end":{"line":45,"column":46}},{"start":{"line":45,"column":49},"end":{"line":45,"column":58}}],"line":45},"6":{"loc":{"start":{"line":68,"column":4},"end":{"line":70,"column":5}},"type":"if","locations":[{"start":{"line":68,"column":4},"end":{"line":70,"column":5}},{"start":{},"end":{}}],"line":68},"7":{"loc":{"start":{"line":68,"column":8},"end":{"line":68,"column":27}},"type":"binary-expr","locations":[{"start":{"line":68,"column":8},"end":{"line":68,"column":14}},{"start":{"line":68,"column":18},"end":{"line":68,"column":27}}],"line":68},"8":{"loc":{"start":{"line":77,"column":4},"end":{"line":79,"column":5}},"type":"if","locations":[{"start":{"line":77,"column":4},"end":{"line":79,"column":5}},{"start":{},"end":{}}],"line":77},"9":{"loc":{"start":{"line":87,"column":4},"end":{"line":89,"column":5}},"type":"if","locations":[{"start":{"line":87,"column":4},"end":{"line":89,"column":5}},{"start":{},"end":{}}],"line":87},"10":{"loc":{"start":{"line":115,"column":4},"end":{"line":117,"column":5}},"type":"if","locations":[{"start":{"line":115,"column":4},"end":{"line":117,"column":5}},{"start":{},"end":{}}],"line":115}},"s":{"0":2,"1":2,"2":2,"3":2,"4":2,"5":2,"6":0,"7":2,"8":0,"9":0,"10":0,"11":0,"12":0,"13":0,"14":0,"15":0,"16":0,"17":0,"18":0,"19":0,"20":0,"21":0,"22":0,"23":0,"24":2,"25":0,"26":0,"27":0,"28":0,"29":0,"30":0,"31":0,"32":0,"33":0,"34":0,"35":0,"36":0,"37":0,"38":0,"39":2,"40":0,"41":0,"42":0,"43":0,"44":0,"45":0,"46":2},"f":{"0":0,"1":0,"2":0,"3":0},"b":{"0":[0,0],"1":[0,0],"2":[0,0,0],"3":[0,0],"4":[0,0],"5":[0,0],"6":[0,0],"7":[0,0],"8":[0,0],"9":[0,0],"10":[0,0]},"_coverageSchema":"1a1c01bbd47fc00a2c39e90264f33305004495a9","hash":"96c0c12cbdae35aec71bc62d81bbd1cbcdc4c35d"}
,"/Users/idankest/Documents/IRONHACK/w7/lab-testing-movie-api/src/controllers/estadisticasController.js": {"path":"/Users/idankest/Documents/IRONHACK/w7/lab-testing-movie-api/src/controllers/estadisticasController.js","statementMap":{"0":{"start":{"line":1,"column":13},"end":{"line":1,"column":36}},"1":{"start":{"line":3,"column":31},"end":{"line":6,"column":1}},"2":{"start":{"line":5,"column":4},"end":{"line":5,"column":50}},"3":{"start":{"line":8,"column":28},"end":{"line":11,"column":1}},"4":{"start":{"line":10,"column":4},"end":{"line":10,"column":47}},"5":{"start":{"line":13,"column":0},"end":{"line":16,"column":2}}},"fnMap":{"0":{"name":"(anonymous_0)","decl":{"start":{"line":3,"column":31},"end":{"line":3,"column":32}},"loc":{"start":{"line":3,"column":51},"end":{"line":6,"column":1}},"line":3},"1":{"name":"(anonymous_1)","decl":{"start":{"line":8,"column":28},"end":{"line":8,"column":29}},"loc":{"start":{"line":8,"column":48},"end":{"line":11,"column":1}},"line":8}},"branchMap":{},"s":{"0":2,"1":2,"2":0,"3":2,"4":0,"5":2},"f":{"0":0,"1":0},"b":{},"_coverageSchema":"1a1c01bbd47fc00a2c39e90264f33305004495a9","hash":"820c33ca78cf46fb7d6a89e603fd44f463e85666"}
,"/Users/idankest/Documents/IRONHACK/w7/lab-testing-movie-api/src/controllers/favoritosController.js": {"path":"/Users/idankest/Documents/IRONHACK/w7/lab-testing-movie-api/src/controllers/favoritosController.js","statementMap":{"0":{"start":{"line":1,"column":13},"end":{"line":1,"column":36}},"1":{"start":{"line":2,"column":17},"end":{"line":2,"column":45}},"2":{"start":{"line":5,"column":23},"end":{"line":31,"column":1}},"3":{"start":{"line":6,"column":2},"end":{"line":30,"column":3}},"4":{"start":{"line":7,"column":23},"end":{"line":7,"column":52}},"5":{"start":{"line":8,"column":22},"end":{"line":8,"column":36}},"6":{"start":{"line":10,"column":21},"end":{"line":10,"column":93}},"7":{"start":{"line":11,"column":4},"end":{"line":13,"column":5}},"8":{"start":{"line":12,"column":6},"end":{"line":12,"column":55}},"9":{"start":{"line":15,"column":4},"end":{"line":26,"column":5}},"10":{"start":{"line":16,"column":23},"end":{"line":19,"column":7}},"11":{"start":{"line":20,"column":6},"end":{"line":20,"column":59}},"12":{"start":{"line":22,"column":6},"end":{"line":24,"column":7}},"13":{"start":{"line":23,"column":8},"end":{"line":23,"column":73}},"14":{"start":{"line":25,"column":6},"end":{"line":25,"column":15}},"15":{"start":{"line":29,"column":4},"end":{"line":29,"column":13}},"16":{"start":{"line":34,"column":23},"end":{"line":52,"column":1}},"17":{"start":{"line":35,"column":2},"end":{"line":51,"column":3}},"18":{"start":{"line":36,"column":23},"end":{"line":36,"column":52}},"19":{"start":{"line":37,"column":22},"end":{"line":37,"column":36}},"20":{"start":{"line":39,"column":25},"end":{"line":42,"column":5}},"21":{"start":{"line":44,"column":4},"end":{"line":46,"column":5}},"22":{"start":{"line":45,"column":6},"end":{"line":45,"column":55}},"23":{"start":{"line":48,"column":4},"end":{"line":48,"column":61}},"24":{"start":{"line":50,"column":4},"end":{"line":50,"column":13}},"25":{"start":{"line":55,"column":24},"end":{"line":72,"column":1}},"26":{"start":{"line":56,"column":2},"end":{"line":71,"column":3}},"27":{"start":{"line":57,"column":22},"end":{"line":57,"column":36}},"28":{"start":{"line":59,"column":21},"end":{"line":66,"column":5}},"29":{"start":{"line":68,"column":4},"end":{"line":68,"column":18}},"30":{"start":{"line":70,"column":4},"end":{"line":70,"column":13}},"31":{"start":{"line":74,"column":0},"end":{"line":74,"column":68}}},"fnMap":{"0":{"name":"(anonymous_0)","decl":{"start":{"line":5,"column":23},"end":{"line":5,"column":24}},"loc":{"start":{"line":5,"column":49},"end":{"line":31,"column":1}},"line":5},"1":{"name":"(anonymous_1)","decl":{"start":{"line":34,"column":23},"end":{"line":34,"column":24}},"loc":{"start":{"line":34,"column":49},"end":{"line":52,"column":1}},"line":34},"2":{"name":"(anonymous_2)","decl":{"start":{"line":55,"column":24},"end":{"line":55,"column":25}},"loc":{"start":{"line":55,"column":50},"end":{"line":72,"column":1}},"line":55}},"branchMap":{"0":{"loc":{"start":{"line":11,"column":4},"end":{"line":13,"column":5}},"type":"if","locations":[{"start":{"line":11,"column":4},"end":{"line":13,"column":5}},{"start":{},"end":{}}],"line":11},"1":{"loc":{"start":{"line":22,"column":6},"end":{"line":24,"column":7}},"type":"if","locations":[{"start":{"line":22,"column":6},"end":{"line":24,"column":7}},{"start":{},"end":{}}],"line":22},"2":{"loc":{"start":{"line":44,"column":4},"end":{"line":46,"column":5}},"type":"if","locations":[{"start":{"line":44,"column":4},"end":{"line":46,"column":5}},{"start":{},"end":{}}],"line":44}},"s":{"0":2,"1":2,"2":2,"3":8,"4":8,"5":8,"6":8,"7":8,"8":1,"9":7,"10":7,"11":6,"12":1,"13":1,"14":0,"15":2,"16":2,"17":2,"18":2,"19":2,"20":2,"21":2,"22":1,"23":1,"24":1,"25":2,"26":2,"27":2,"28":2,"29":2,"30":0,"31":2},"f":{"0":8,"1":2,"2":2},"b":{"0":[1,7],"1":[1,0],"2":[1,1]},"_coverageSchema":"1a1c01bbd47fc00a2c39e90264f33305004495a9","hash":"dd42b4e2550bdcea26edb2241f9d84ef267710c6"}
,"/Users/idankest/Documents/IRONHACK/w7/lab-testing-movie-api/src/controllers/peliculasController.js": {"path":"/Users/idankest/Documents/IRONHACK/w7/lab-testing-movie-api/src/controllers/peliculasController.js","statementMap":{"0":{"start":{"line":4,"column":11},"end":{"line":4,"column":34}},"1":{"start":{"line":6,"column":24},"end":{"line":40,"column":1}},"2":{"start":{"line":7,"column":2},"end":{"line":39,"column":3}},"3":{"start":{"line":8,"column":31},"end":{"line":8,"column":40}},"4":{"start":{"line":11,"column":16},"end":{"line":17,"column":5}},"5":{"start":{"line":19,"column":19},"end":{"line":19,"column":21}},"6":{"start":{"line":22,"column":4},"end":{"line":25,"column":5}},"7":{"start":{"line":23,"column":6},"end":{"line":23,"column":26}},"8":{"start":{"line":24,"column":6},"end":{"line":24,"column":49}},"9":{"start":{"line":28,"column":4},"end":{"line":31,"column":5}},"10":{"start":{"line":29,"column":6},"end":{"line":29,"column":33}},"11":{"start":{"line":30,"column":6},"end":{"line":30,"column":93}},"12":{"start":{"line":33,"column":4},"end":{"line":33,"column":43}},"13":{"start":{"line":35,"column":19},"end":{"line":35,"column":48}},"14":{"start":{"line":36,"column":4},"end":{"line":36,"column":26}},"15":{"start":{"line":38,"column":4},"end":{"line":38,"column":14}},"16":{"start":{"line":42,"column":24},"end":{"line":56,"column":1}},"17":{"start":{"line":43,"column":2},"end":{"line":55,"column":3}},"18":{"start":{"line":44,"column":15},"end":{"line":44,"column":36}},"19":{"start":{"line":45,"column":19},"end":{"line":47,"column":6}},"20":{"start":{"line":49,"column":4},"end":{"line":51,"column":5}},"21":{"start":{"line":50,"column":6},"end":{"line":50,"column":71}},"22":{"start":{"line":52,"column":4},"end":{"line":52,"column":29}},"23":{"start":{"line":54,"column":4},"end":{"line":54,"column":14}},"24":{"start":{"line":58,"column":22},"end":{"line":81,"column":1}},"25":{"start":{"line":59,"column":2},"end":{"line":80,"column":3}},"26":{"start":{"line":60,"column":59},"end":{"line":60,"column":67}},"27":{"start":{"line":62,"column":4},"end":{"line":64,"column":5}},"28":{"start":{"line":63,"column":6},"end":{"line":63,"column":78}},"29":{"start":{"line":66,"column":18},"end":{"line":68,"column":46}},"30":{"start":{"line":70,"column":18},"end":{"line":76,"column":6}},"31":{"start":{"line":77,"column":4},"end":{"line":77,"column":40}},"32":{"start":{"line":79,"column":4},"end":{"line":79,"column":14}},"33":{"start":{"line":83,"column":27},"end":{"line":109,"column":1}},"34":{"start":{"line":84,"column":2},"end":{"line":108,"column":3}},"35":{"start":{"line":85,"column":15},"end":{"line":85,"column":36}},"36":{"start":{"line":86,"column":59},"end":{"line":86,"column":67}},"37":{"start":{"line":88,"column":18},"end":{"line":91,"column":32}},"38":{"start":{"line":93,"column":24},"end":{"line":100,"column":6}},"39":{"start":{"line":102,"column":4},"end":{"line":104,"column":5}},"40":{"start":{"line":103,"column":6},"end":{"line":103,"column":71}},"41":{"start":{"line":105,"column":4},"end":{"line":105,"column":34}},"42":{"start":{"line":107,"column":4},"end":{"line":107,"column":14}},"43":{"start":{"line":111,"column":25},"end":{"line":126,"column":1}},"44":{"start":{"line":112,"column":2},"end":{"line":125,"column":3}},"45":{"start":{"line":113,"column":15},"end":{"line":113,"column":36}},"46":{"start":{"line":114,"column":22},"end":{"line":117,"column":5}},"47":{"start":{"line":119,"column":4},"end":{"line":121,"column":5}},"48":{"start":{"line":120,"column":6},"end":{"line":120,"column":71}},"49":{"start":{"line":122,"column":4},"end":{"line":122,"column":77}},"50":{"start":{"line":124,"column":4},"end":{"line":124,"column":14}},"51":{"start":{"line":128,"column":28},"end":{"line":137,"column":1}},"52":{"start":{"line":129,"column":2},"end":{"line":136,"column":3}},"53":{"start":{"line":130,"column":18},"end":{"line":132,"column":5}},"54":{"start":{"line":133,"column":4},"end":{"line":133,"column":28}},"55":{"start":{"line":135,"column":4},"end":{"line":135,"column":14}},"56":{"start":{"line":139,"column":22},"end":{"line":150,"column":1}},"57":{"start":{"line":140,"column":2},"end":{"line":149,"column":3}},"58":{"start":{"line":141,"column":23},"end":{"line":141,"column":44}},"59":{"start":{"line":142,"column":20},"end":{"line":145,"column":5}},"60":{"start":{"line":146,"column":4},"end":{"line":146,"column":27}},"61":{"start":{"line":148,"column":4},"end":{"line":148,"column":14}},"62":{"start":{"line":152,"column":20},"end":{"line":165,"column":1}},"63":{"start":{"line":153,"column":2},"end":{"line":164,"column":3}},"64":{"start":{"line":154,"column":23},"end":{"line":154,"column":44}},"65":{"start":{"line":155,"column":41},"end":{"line":155,"column":49}},"66":{"start":{"line":157,"column":18},"end":{"line":160,"column":5}},"67":{"start":{"line":161,"column":4},"end":{"line":161,"column":40}},"68":{"start":{"line":163,"column":4},"end":{"line":163,"column":14}},"69":{"start":{"line":168,"column":31},"end":{"line":187,"column":1}},"70":{"start":{"line":169,"column":2},"end":{"line":186,"column":3}},"71":{"start":{"line":170,"column":21},"end":{"line":182,"column":6}},"72":{"start":{"line":183,"column":4},"end":{"line":183,"column":18}},"73":{"start":{"line":185,"column":4},"end":{"line":185,"column":13}},"74":{"start":{"line":190,"column":28},"end":{"line":212,"column":1}},"75":{"start":{"line":191,"column":2},"end":{"line":211,"column":3}},"76":{"start":{"line":192,"column":21},"end":{"line":207,"column":6}},"77":{"start":{"line":208,"column":4},"end":{"line":208,"column":18}},"78":{"start":{"line":210,"column":4},"end":{"line":210,"column":13}},"79":{"start":{"line":215,"column":0},"end":{"line":226,"column":2}}},"fnMap":{"0":{"name":"(anonymous_0)","decl":{"start":{"line":6,"column":24},"end":{"line":6,"column":25}},"loc":{"start":{"line":6,"column":50},"end":{"line":40,"column":1}},"line":6},"1":{"name":"(anonymous_1)","decl":{"start":{"line":42,"column":24},"end":{"line":42,"column":25}},"loc":{"start":{"line":42,"column":50},"end":{"line":56,"column":1}},"line":42},"2":{"name":"(anonymous_2)","decl":{"start":{"line":58,"column":22},"end":{"line":58,"column":23}},"loc":{"start":{"line":58,"column":48},"end":{"line":81,"column":1}},"line":58},"3":{"name":"(anonymous_3)","decl":{"start":{"line":83,"column":27},"end":{"line":83,"column":28}},"loc":{"start":{"line":83,"column":53},"end":{"line":109,"column":1}},"line":83},"4":{"name":"(anonymous_4)","decl":{"start":{"line":111,"column":25},"end":{"line":111,"column":26}},"loc":{"start":{"line":111,"column":51},"end":{"line":126,"column":1}},"line":111},"5":{"name":"(anonymous_5)","decl":{"start":{"line":128,"column":28},"end":{"line":128,"column":29}},"loc":{"start":{"line":128,"column":54},"end":{"line":137,"column":1}},"line":128},"6":{"name":"(anonymous_6)","decl":{"start":{"line":139,"column":22},"end":{"line":139,"column":23}},"loc":{"start":{"line":139,"column":48},"end":{"line":150,"column":1}},"line":139},"7":{"name":"(anonymous_7)","decl":{"start":{"line":152,"column":20},"end":{"line":152,"column":21}},"loc":{"start":{"line":152,"column":46},"end":{"line":165,"column":1}},"line":152},"8":{"name":"(anonymous_8)","decl":{"start":{"line":168,"column":31},"end":{"line":168,"column":32}},"loc":{"start":{"line":168,"column":57},"end":{"line":187,"column":1}},"line":168},"9":{"name":"(anonymous_9)","decl":{"start":{"line":190,"column":28},"end":{"line":190,"column":29}},"loc":{"start":{"line":190,"column":54},"end":{"line":212,"column":1}},"line":190}},"branchMap":{"0":{"loc":{"start":{"line":22,"column":4},"end":{"line":25,"column":5}},"type":"if","locations":[{"start":{"line":22,"column":4},"end":{"line":25,"column":5}},{"start":{},"end":{}}],"line":22},"1":{"loc":{"start":{"line":28,"column":4},"end":{"line":31,"column":5}},"type":"if","locations":[{"start":{"line":28,"column":4},"end":{"line":31,"column":5}},{"start":{},"end":{}}],"line":28},"2":{"loc":{"start":{"line":49,"column":4},"end":{"line":51,"column":5}},"type":"if","locations":[{"start":{"line":49,"column":4},"end":{"line":51,"column":5}},{"start":{},"end":{}}],"line":49},"3":{"loc":{"start":{"line":62,"column":4},"end":{"line":64,"column":5}},"type":"if","locations":[{"start":{"line":62,"column":4},"end":{"line":64,"column":5}},{"start":{},"end":{}}],"line":62},"4":{"loc":{"start":{"line":62,"column":8},"end":{"line":62,"column":54}},"type":"binary-expr","locations":[{"start":{"line":62,"column":8},"end":{"line":62,"column":15}},{"start":{"line":62,"column":19},"end":{"line":62,"column":31}},{"start":{"line":62,"column":35},"end":{"line":62,"column":40}},{"start":{"line":62,"column":44},"end":{"line":62,"column":54}}],"line":62},"5":{"loc":{"start":{"line":102,"column":4},"end":{"line":104,"column":5}},"type":"if","locations":[{"start":{"line":102,"column":4},"end":{"line":104,"column":5}},{"start":{},"end":{}}],"line":102},"6":{"loc":{"start":{"line":119,"column":4},"end":{"line":121,"column":5}},"type":"if","locations":[{"start":{"line":119,"column":4},"end":{"line":121,"column":5}},{"start":{},"end":{}}],"line":119}},"s":{"0":2,"1":2,"2":0,"3":0,"4":0,"5":0,"6":0,"7":0,"8":0,"9":0,"10":0,"11":0,"12":0,"13":0,"14":0,"15":0,"16":2,"17":0,"18":0,"19":0,"20":0,"21":0,"22":0,"23":0,"24":2,"25":0,"26":0,"27":0,"28":0,"29":0,"30":0,"31":0,"32":0,"33":2,"34":0,"35":0,"36":0,"37":0,"38":0,"39":0,"40":0,"41":0,"42":0,"43":2,"44":0,"45":0,"46":0,"47":0,"48":0,"49":0,"50":0,"51":2,"52":0,"53":0,"54":0,"55":0,"56":2,"57":0,"58":0,"59":0,"60":0,"61":0,"62":2,"63":0,"64":0,"65":0,"66":0,"67":0,"68":0,"69":2,"70":0,"71":0,"72":0,"73":0,"74":2,"75":0,"76":0,"77":0,"78":0,"79":2},"f":{"0":0,"1":0,"2":0,"3":0,"4":0,"5":0,"6":0,"7":0,"8":0,"9":0},"b":{"0":[0,0],"1":[0,0],"2":[0,0],"3":[0,0],"4":[0,0,0,0],"5":[0,0],"6":[0,0]},"_coverageSchema":"1a1c01bbd47fc00a2c39e90264f33305004495a9","hash":"9a6da1bf64f83776c38e5f66a4fba9e5fbf8c318"}
,"/Users/idankest/Documents/IRONHACK/w7/lab-testing-movie-api/src/middleware/verificarRol.js": {"path":"/Users/idankest/Documents/IRONHACK/w7/lab-testing-movie-api/src/middleware/verificarRol.js","statementMap":{"0":{"start":{"line":1,"column":17},"end":{"line":1,"column":45}},"1":{"start":{"line":4,"column":21},"end":{"line":21,"column":1}},"2":{"start":{"line":5,"column":2},"end":{"line":20,"column":4}},"3":{"start":{"line":6,"column":4},"end":{"line":8,"column":5}},"4":{"start":{"line":7,"column":6},"end":{"line":7,"column":55}},"5":{"start":{"line":10,"column":4},"end":{"line":17,"column":5}},"6":{"start":{"line":11,"column":6},"end":{"line":16,"column":8}},"7":{"start":{"line":19,"column":4},"end":{"line":19,"column":11}},"8":{"start":{"line":23,"column":0},"end":{"line":23,"column":30}}},"fnMap":{"0":{"name":"(anonymous_0)","decl":{"start":{"line":4,"column":21},"end":{"line":4,"column":22}},"loc":{"start":{"line":4,"column":45},"end":{"line":21,"column":1}},"line":4},"1":{"name":"(anonymous_1)","decl":{"start":{"line":5,"column":9},"end":{"line":5,"column":10}},"loc":{"start":{"line":5,"column":29},"end":{"line":20,"column":3}},"line":5}},"branchMap":{"0":{"loc":{"start":{"line":6,"column":4},"end":{"line":8,"column":5}},"type":"if","locations":[{"start":{"line":6,"column":4},"end":{"line":8,"column":5}},{"start":{},"end":{}}],"line":6},"1":{"loc":{"start":{"line":10,"column":4},"end":{"line":17,"column":5}},"type":"if","locations":[{"start":{"line":10,"column":4},"end":{"line":17,"column":5}},{"start":{},"end":{}}],"line":10}},"s":{"0":2,"1":2,"2":4,"3":0,"4":0,"5":0,"6":0,"7":0,"8":2},"f":{"0":4,"1":0},"b":{"0":[0,0],"1":[0,0]},"_coverageSchema":"1a1c01bbd47fc00a2c39e90264f33305004495a9","hash":"e8601f20e7d6b888f5fd0d68ff734170becf829d"}
,"/Users/idankest/Documents/IRONHACK/w7/lab-testing-movie-api/src/middleware/verificarToken.js": {"path":"/Users/idankest/Documents/IRONHACK/w7/lab-testing-movie-api/src/middleware/verificarToken.js","statementMap":{"0":{"start":{"line":1,"column":12},"end":{"line":1,"column":35}},"1":{"start":{"line":2,"column":17},"end":{"line":2,"column":45}},"2":{"start":{"line":4,"column":23},"end":{"line":23,"column":1}},"3":{"start":{"line":5,"column":21},"end":{"line":5,"column":46}},"4":{"start":{"line":7,"column":2},"end":{"line":9,"column":3}},"5":{"start":{"line":8,"column":4},"end":{"line":8,"column":61}},"6":{"start":{"line":11,"column":16},"end":{"line":11,"column":40}},"7":{"start":{"line":13,"column":2},"end":{"line":22,"column":3}},"8":{"start":{"line":14,"column":20},"end":{"line":14,"column":61}},"9":{"start":{"line":15,"column":4},"end":{"line":15,"column":26}},"10":{"start":{"line":16,"column":4},"end":{"line":16,"column":11}},"11":{"start":{"line":18,"column":4},"end":{"line":20,"column":5}},"12":{"start":{"line":19,"column":6},"end":{"line":19,"column":55}},"13":{"start":{"line":21,"column":4},"end":{"line":21,"column":53}},"14":{"start":{"line":25,"column":0},"end":{"line":25,"column":32}}},"fnMap":{"0":{"name":"(anonymous_0)","decl":{"start":{"line":4,"column":23},"end":{"line":4,"column":24}},"loc":{"start":{"line":4,"column":43},"end":{"line":23,"column":1}},"line":4}},"branchMap":{"0":{"loc":{"start":{"line":7,"column":2},"end":{"line":9,"column":3}},"type":"if","locations":[{"start":{"line":7,"column":2},"end":{"line":9,"column":3}},{"start":{},"end":{}}],"line":7},"1":{"loc":{"start":{"line":7,"column":6},"end":{"line":7,"column":54}},"type":"binary-expr","locations":[{"start":{"line":7,"column":6},"end":{"line":7,"column":17}},{"start":{"line":7,"column":21},"end":{"line":7,"column":54}}],"line":7},"2":{"loc":{"start":{"line":18,"column":4},"end":{"line":20,"column":5}},"type":"if","locations":[{"start":{"line":18,"column":4},"end":{"line":20,"column":5}},{"start":{},"end":{}}],"line":18}},"s":{"0":2,"1":2,"2":2,"3":17,"4":17,"5":3,"6":14,"7":14,"8":14,"9":12,"10":12,"11":2,"12":1,"13":1,"14":2},"f":{"0":17},"b":{"0":[3,14],"1":[17,15],"2":[1,1]},"_coverageSchema":"1a1c01bbd47fc00a2c39e90264f33305004495a9","hash":"84073effc1a5e538083c8a99e77053ec2ff54b20"}
,"/Users/idankest/Documents/IRONHACK/w7/lab-testing-movie-api/src/routes/auth.js": {"path":"/Users/idankest/Documents/IRONHACK/w7/lab-testing-movie-api/src/routes/auth.js","statementMap":{"0":{"start":{"line":1,"column":19},"end":{"line":1,"column":37}},"1":{"start":{"line":2,"column":15},"end":{"line":2,"column":23}},"2":{"start":{"line":3,"column":36},"end":{"line":3,"column":76}},"3":{"start":{"line":4,"column":23},"end":{"line":4,"column":62}},"4":{"start":{"line":6,"column":0},"end":{"line":6,"column":35}},"5":{"start":{"line":7,"column":0},"end":{"line":7,"column":29}},"6":{"start":{"line":8,"column":0},"end":{"line":8,"column":46}},"7":{"start":{"line":10,"column":0},"end":{"line":10,"column":24}}},"fnMap":{},"branchMap":{},"s":{"0":2,"1":2,"2":2,"3":2,"4":2,"5":2,"6":2,"7":2},"f":{},"b":{},"_coverageSchema":"1a1c01bbd47fc00a2c39e90264f33305004495a9","hash":"a25ea520a621486a884727c88d36fc52c5eb91bb"}
,"/Users/idankest/Documents/IRONHACK/w7/lab-testing-movie-api/src/routes/estadisticas.js": {"path":"/Users/idankest/Documents/IRONHACK/w7/lab-testing-movie-api/src/routes/estadisticas.js","statementMap":{"0":{"start":{"line":1,"column":19},"end":{"line":1,"column":37}},"1":{"start":{"line":2,"column":15},"end":{"line":2,"column":23}},"2":{"start":{"line":4,"column":56},"end":{"line":4,"column":104}},"3":{"start":{"line":6,"column":0},"end":{"line":6,"column":50}},"4":{"start":{"line":7,"column":0},"end":{"line":7,"column":44}},"5":{"start":{"line":9,"column":0},"end":{"line":9,"column":24}}},"fnMap":{},"branchMap":{},"s":{"0":2,"1":2,"2":2,"3":2,"4":2,"5":2},"f":{},"b":{},"_coverageSchema":"1a1c01bbd47fc00a2c39e90264f33305004495a9","hash":"87da0946b18ded78bfe1d5cedeb2ccaa1409693a"}
,"/Users/idankest/Documents/IRONHACK/w7/lab-testing-movie-api/src/routes/favoritos.js": {"path":"/Users/idankest/Documents/IRONHACK/w7/lab-testing-movie-api/src/routes/favoritos.js","statementMap":{"0":{"start":{"line":1,"column":19},"end":{"line":1,"column":37}},"1":{"start":{"line":2,"column":15},"end":{"line":2,"column":23}},"2":{"start":{"line":3,"column":23},"end":{"line":3,"column":62}},"3":{"start":{"line":4,"column":60},"end":{"line":4,"column":105}},"4":{"start":{"line":6,"column":0},"end":{"line":6,"column":26}},"5":{"start":{"line":8,"column":0},"end":{"line":8,"column":43}},"6":{"start":{"line":9,"column":0},"end":{"line":9,"column":45}},"7":{"start":{"line":10,"column":0},"end":{"line":10,"column":32}},"8":{"start":{"line":12,"column":0},"end":{"line":12,"column":23}}},"fnMap":{},"branchMap":{},"s":{"0":2,"1":2,"2":2,"3":2,"4":2,"5":2,"6":2,"7":2,"8":2},"f":{},"b":{},"_coverageSchema":"1a1c01bbd47fc00a2c39e90264f33305004495a9","hash":"5386dd8e64a170436a2274f4c61301a425f509fa"}
,"/Users/idankest/Documents/IRONHACK/w7/lab-testing-movie-api/src/routes/peliculas.js": {"path":"/Users/idankest/Documents/IRONHACK/w7/lab-testing-movie-api/src/routes/peliculas.js","statementMap":{"0":{"start":{"line":1,"column":19},"end":{"line":1,"column":37}},"1":{"start":{"line":2,"column":15},"end":{"line":2,"column":23}},"2":{"start":{"line":3,"column":23},"end":{"line":3,"column":62}},"3":{"start":{"line":4,"column":21},"end":{"line":4,"column":58}},"4":{"start":{"line":13,"column":4},"end":{"line":13,"column":49}},"5":{"start":{"line":16,"column":0},"end":{"line":16,"column":33}},"6":{"start":{"line":17,"column":0},"end":{"line":17,"column":36}},"7":{"start":{"line":18,"column":0},"end":{"line":18,"column":42}},"8":{"start":{"line":21,"column":0},"end":{"line":21,"column":48}},"9":{"start":{"line":22,"column":0},"end":{"line":22,"column":57}},"10":{"start":{"line":25,"column":0},"end":{"line":25,"column":78}},"11":{"start":{"line":26,"column":0},"end":{"line":26,"column":79}},"12":{"start":{"line":28,"column":0},"end":{"line":28,"column":24}}},"fnMap":{},"branchMap":{},"s":{"0":2,"1":2,"2":2,"3":2,"4":2,"5":2,"6":2,"7":2,"8":2,"9":2,"10":2,"11":2,"12":2},"f":{},"b":{},"_coverageSchema":"1a1c01bbd47fc00a2c39e90264f33305004495a9","hash":"aa371df39ef0c2dbb2897569f72f1c4147b2b1bd"}
,"/Users/idankest/Documents/IRONHACK/w7/lab-testing-movie-api/src/utils/AppError.js": {"path":"/Users/idankest/Documents/IRONHACK/w7/lab-testing-movie-api/src/utils/AppError.js","statementMap":{"0":{"start":{"line":3,"column":4},"end":{"line":3,"column":19}},"1":{"start":{"line":4,"column":4},"end":{"line":4,"column":33}},"2":{"start":{"line":5,"column":4},"end":{"line":5,"column":38}},"3":{"start":{"line":6,"column":4},"end":{"line":6,"column":52}},"4":{"start":{"line":10,"column":0},"end":{"line":10,"column":26}}},"fnMap":{"0":{"name":"(anonymous_0)","decl":{"start":{"line":2,"column":2},"end":{"line":2,"column":3}},"loc":{"start":{"line":2,"column":35},"end":{"line":7,"column":3}},"line":2}},"branchMap":{},"s":{"0":8,"1":8,"2":8,"3":8,"4":2},"f":{"0":8},"b":{},"_coverageSchema":"1a1c01bbd47fc00a2c39e90264f33305004495a9","hash":"544aaed95e690bfa6b97e1fdbc5607b5669c1171"}
}
