TN:
SF:index.js
FN:28,(anonymous_0)
FN:35,(anonymous_1)
FN:58,(anonymous_2)
FNF:3
FNH:1
FNDA:0,(anonymous_0)
FNDA:8,(anonymous_1)
FNDA:0,(anonymous_2)
DA:1,2
DA:2,2
DA:3,2
DA:4,2
DA:9,2
DA:12,2
DA:15,2
DA:16,2
DA:17,2
DA:18,2
DA:22,2
DA:23,2
DA:24,2
DA:25,2
DA:28,2
DA:29,0
DA:35,2
DA:36,8
DA:39,8
DA:40,8
DA:46,0
DA:47,0
DA:49,0
DA:57,2
DA:58,0
DA:59,0
DA:64,2
LF:27
LH:21
BRDA:4,0,0,2
BRDA:4,0,1,2
BRDA:36,1,0,8
BRDA:36,1,1,0
BRDA:39,2,0,8
BRDA:39,2,1,0
BRDA:57,3,0,0
BRDA:57,3,1,2
BRF:8
BRH:5
end_of_record
TN:
SF:src/__tests__/helpers.js
FN:5,(anonymous_0)
FN:22,(anonymous_1)
FNF:2
FNH:2
FNDA:8,(anonymous_0)
FNDA:8,(anonymous_1)
DA:1,1
DA:2,1
DA:3,1
DA:5,1
DA:6,8
DA:7,8
DA:13,8
DA:14,8
DA:19,8
DA:22,1
DA:23,8
DA:27,8
DA:30,1
LF:13
LH:13
BRDA:5,0,0,6
BRDA:5,1,0,8
BRDA:5,2,0,6
BRDA:5,3,0,8
BRDA:5,4,0,8
BRDA:16,5,0,8
BRDA:16,5,1,0
BRDA:22,6,0,6
BRDA:22,7,0,6
BRDA:22,8,0,8
BRDA:22,9,0,8
BRF:11
BRH:10
end_of_record
TN:
SF:src/config/db.js
FNF:0
FNH:0
DA:1,2
DA:3,2
DA:13,2
LF:3
LH:3
BRDA:4,0,0,2
BRDA:4,0,1,0
BRDA:5,1,0,2
BRDA:5,1,1,0
BRDA:6,2,0,2
BRDA:6,2,1,0
BRF:6
BRH:3
end_of_record
TN:
SF:src/controllers/authController.js
FN:8,(anonymous_0)
FN:21,(anonymous_1)
FN:64,(anonymous_2)
FN:108,(anonymous_3)
FNF:4
FNH:0
FNDA:0,(anonymous_0)
FNDA:0,(anonymous_1)
FNDA:0,(anonymous_2)
FNDA:0,(anonymous_3)
DA:1,2
DA:2,2
DA:3,2
DA:4,2
DA:6,2
DA:8,2
DA:9,0
DA:21,2
DA:22,0
DA:23,0
DA:25,0
DA:26,0
DA:29,0
DA:30,0
DA:34,0
DA:38,0
DA:39,0
DA:42,0
DA:45,0
DA:47,0
DA:54,0
DA:55,0
DA:57,0
DA:59,0
DA:64,2
DA:65,0
DA:66,0
DA:68,0
DA:69,0
DA:72,0
DA:77,0
DA:78,0
DA:81,0
DA:82,0
DA:87,0
DA:88,0
DA:91,0
DA:93,0
DA:103,0
DA:108,2
DA:109,0
DA:110,0
DA:115,0
DA:116,0
DA:119,0
DA:121,0
DA:125,2
LF:47
LH:10
BRDA:16,0,0,0
BRDA:16,0,1,0
BRDA:25,1,0,0
BRDA:25,1,1,0
BRDA:25,2,0,0
BRDA:25,2,1,0
BRDA:25,2,2,0
BRDA:29,3,0,0
BRDA:29,3,1,0
BRDA:38,4,0,0
BRDA:38,4,1,0
BRDA:45,5,0,0
BRDA:45,5,1,0
BRDA:68,6,0,0
BRDA:68,6,1,0
BRDA:68,7,0,0
BRDA:68,7,1,0
BRDA:77,8,0,0
BRDA:77,8,1,0
BRDA:87,9,0,0
BRDA:87,9,1,0
BRDA:115,10,0,0
BRDA:115,10,1,0
BRF:23
BRH:0
end_of_record
TN:
SF:src/controllers/estadisticasController.js
FN:3,(anonymous_0)
FN:8,(anonymous_1)
FNF:2
FNH:0
FNDA:0,(anonymous_0)
FNDA:0,(anonymous_1)
DA:1,2
DA:3,2
DA:5,0
DA:8,2
DA:10,0
DA:13,2
LF:6
LH:4
BRF:0
BRH:0
end_of_record
TN:
SF:src/controllers/favoritosController.js
FN:5,(anonymous_0)
FN:34,(anonymous_1)
FN:55,(anonymous_2)
FNF:3
FNH:3
FNDA:8,(anonymous_0)
FNDA:2,(anonymous_1)
FNDA:2,(anonymous_2)
DA:1,2
DA:2,2
DA:5,2
DA:6,8
DA:7,8
DA:8,8
DA:10,8
DA:11,8
DA:12,1
DA:15,7
DA:16,7
DA:20,6
DA:22,1
DA:23,1
DA:25,0
DA:29,2
DA:34,2
DA:35,2
DA:36,2
DA:37,2
DA:39,2
DA:44,2
DA:45,1
DA:48,1
DA:50,1
DA:55,2
DA:56,2
DA:57,2
DA:59,2
DA:68,2
DA:70,0
DA:74,2
LF:32
LH:30
BRDA:11,0,0,1
BRDA:11,0,1,7
BRDA:22,1,0,1
BRDA:22,1,1,0
BRDA:44,2,0,1
BRDA:44,2,1,1
BRF:6
BRH:5
end_of_record
TN:
SF:src/controllers/peliculasController.js
FN:6,(anonymous_0)
FN:42,(anonymous_1)
FN:58,(anonymous_2)
FN:83,(anonymous_3)
FN:111,(anonymous_4)
FN:128,(anonymous_5)
FN:139,(anonymous_6)
FN:152,(anonymous_7)
FN:168,(anonymous_8)
FN:190,(anonymous_9)
FNF:10
FNH:0
FNDA:0,(anonymous_0)
FNDA:0,(anonymous_1)
FNDA:0,(anonymous_2)
FNDA:0,(anonymous_3)
FNDA:0,(anonymous_4)
FNDA:0,(anonymous_5)
FNDA:0,(anonymous_6)
FNDA:0,(anonymous_7)
FNDA:0,(anonymous_8)
FNDA:0,(anonymous_9)
DA:4,2
DA:6,2
DA:7,0
DA:8,0
DA:11,0
DA:19,0
DA:22,0
DA:23,0
DA:24,0
DA:28,0
DA:29,0
DA:30,0
DA:33,0
DA:35,0
DA:36,0
DA:38,0
DA:42,2
DA:43,0
DA:44,0
DA:45,0
DA:49,0
DA:50,0
DA:52,0
DA:54,0
DA:58,2
DA:59,0
DA:60,0
DA:62,0
DA:63,0
DA:66,0
DA:70,0
DA:77,0
DA:79,0
DA:83,2
DA:84,0
DA:85,0
DA:86,0
DA:88,0
DA:93,0
DA:102,0
DA:103,0
DA:105,0
DA:107,0
DA:111,2
DA:112,0
DA:113,0
DA:114,0
DA:119,0
DA:120,0
DA:122,0
DA:124,0
DA:128,2
DA:129,0
DA:130,0
DA:133,0
DA:135,0
DA:139,2
DA:140,0
DA:141,0
DA:142,0
DA:146,0
DA:148,0
DA:152,2
DA:153,0
DA:154,0
DA:155,0
DA:157,0
DA:161,0
DA:163,0
DA:168,2
DA:169,0
DA:170,0
DA:183,0
DA:185,0
DA:190,2
DA:191,0
DA:192,0
DA:208,0
DA:210,0
DA:215,2
LF:80
LH:12
BRDA:22,0,0,0
BRDA:22,0,1,0
BRDA:28,1,0,0
BRDA:28,1,1,0
BRDA:49,2,0,0
BRDA:49,2,1,0
BRDA:62,3,0,0
BRDA:62,3,1,0
BRDA:62,4,0,0
BRDA:62,4,1,0
BRDA:62,4,2,0
BRDA:62,4,3,0
BRDA:102,5,0,0
BRDA:102,5,1,0
BRDA:119,6,0,0
BRDA:119,6,1,0
BRF:16
BRH:0
end_of_record
TN:
SF:src/middleware/verificarRol.js
FN:4,(anonymous_0)
FN:5,(anonymous_1)
FNF:2
FNH:1
FNDA:4,(anonymous_0)
FNDA:0,(anonymous_1)
DA:1,2
DA:4,2
DA:5,4
DA:6,0
DA:7,0
DA:10,0
DA:11,0
DA:19,0
DA:23,2
LF:9
LH:4
BRDA:6,0,0,0
BRDA:6,0,1,0
BRDA:10,1,0,0
BRDA:10,1,1,0
BRF:4
BRH:0
end_of_record
TN:
SF:src/middleware/verificarToken.js
FN:4,(anonymous_0)
FNF:1
FNH:1
FNDA:17,(anonymous_0)
DA:1,2
DA:2,2
DA:4,2
DA:5,17
DA:7,17
DA:8,3
DA:11,14
DA:13,14
DA:14,14
DA:15,12
DA:16,12
DA:18,2
DA:19,1
DA:21,1
DA:25,2
LF:15
LH:15
BRDA:7,0,0,3
BRDA:7,0,1,14
BRDA:7,1,0,17
BRDA:7,1,1,15
BRDA:18,2,0,1
BRDA:18,2,1,1
BRF:6
BRH:6
end_of_record
TN:
SF:src/routes/auth.js
FNF:0
FNH:0
DA:1,2
DA:2,2
DA:3,2
DA:4,2
DA:6,2
DA:7,2
DA:8,2
DA:10,2
LF:8
LH:8
BRF:0
BRH:0
end_of_record
TN:
SF:src/routes/estadisticas.js
FNF:0
FNH:0
DA:1,2
DA:2,2
DA:4,2
DA:6,2
DA:7,2
DA:9,2
LF:6
LH:6
BRF:0
BRH:0
end_of_record
TN:
SF:src/routes/favoritos.js
FNF:0
FNH:0
DA:1,2
DA:2,2
DA:3,2
DA:4,2
DA:6,2
DA:8,2
DA:9,2
DA:10,2
DA:12,2
LF:9
LH:9
BRF:0
BRH:0
end_of_record
TN:
SF:src/routes/peliculas.js
FNF:0
FNH:0
DA:1,2
DA:2,2
DA:3,2
DA:4,2
DA:13,2
DA:16,2
DA:17,2
DA:18,2
DA:21,2
DA:22,2
DA:25,2
DA:26,2
DA:28,2
LF:13
LH:13
BRF:0
BRH:0
end_of_record
TN:
SF:src/utils/AppError.js
FN:2,(anonymous_0)
FNF:1
FNH:1
FNDA:8,(anonymous_0)
DA:3,8
DA:4,8
DA:5,8
DA:6,8
DA:10,2
LF:5
LH:5
BRF:0
BRH:0
end_of_record
